<?xml version="1.0" encoding="UTF-8"?>
<!-- Generated by org.testng.reporters.JUnitReportReporter -->
<testsuite hostname="IFOCUS-LT35" name="com.ifocus.automation.Testscripts.BPMobileTest" tests="1" failures="0" timestamp="7 Sep 2016 11:09:16 GMT" time="51.702" errors="0">
  <testcase name="BPMeasureMobile" time="51.702" classname="com.ifocus.automation.Testscripts.BPMobileTest"/>
</testsuite> <!-- com.ifocus.automation.Testscripts.BPMobileTest -->
